<?xml version="1.0" encoding="UTF-8"?>
<testng-results skipped="0" failed="0" ignored="0" total="1" passed="1">
  <reporter-output>
  </reporter-output>
  <suite name="Insurence QA Automation" duration-ms="14430" started-at="2019-12-28T11:13:53Z" finished-at="2019-12-28T11:14:08Z">
    <groups>
    </groups>
    <test name="Insurence QA" duration-ms="14430" started-at="2019-12-28T11:13:53Z" finished-at="2019-12-28T11:14:08Z">
      <class name="com.Base.BaseTest">
        <test-method status="PASS" signature="listners()[pri:0, instance:com.Base.BaseTest@4b952a2d]" name="listners" is-config="true" duration-ms="190" started-at="2019-12-28T11:13:53Z" finished-at="2019-12-28T11:13:53Z">
          <reporter-output>
          </reporter-output>
        </test-method> <!-- listners -->
        <test-method status="PASS" signature="initlization_SetUp(org.testng.ITestResult)[pri:0, instance:com.Base.BaseTest@4b952a2d]" name="initlization_SetUp" is-config="true" duration-ms="12252" started-at="2019-12-28T11:13:53Z" finished-at="2019-12-28T11:14:06Z">
          <params>
            <param index="0">
              <value>
                <![CDATA[[TestResult name=a status=SUCCESS method=BaseTest.a()[pri:0, instance:com.Base.BaseTest@4b952a2d] output={null}]]]>
              </value>
            </param>
          </params>
          <reporter-output>
          </reporter-output>
        </test-method> <!-- initlization_SetUp -->
        <test-method status="PASS" signature="a()[pri:0, instance:com.Base.BaseTest@4b952a2d]" name="a" duration-ms="10" started-at="2019-12-28T11:14:06Z" finished-at="2019-12-28T11:14:06Z">
          <reporter-output>
          </reporter-output>
        </test-method> <!-- a -->
        <test-method status="PASS" signature="tearDown(org.testng.ITestResult)[pri:0, instance:com.Base.BaseTest@4b952a2d]" name="tearDown" is-config="true" duration-ms="1390" started-at="2019-12-28T11:14:06Z" finished-at="2019-12-28T11:14:07Z">
          <params>
            <param index="0">
              <value>
                <![CDATA[[TestResult name=a status=SUCCESS method=BaseTest.a()[pri:0, instance:com.Base.BaseTest@4b952a2d] output={null}]]]>
              </value>
            </param>
          </params>
          <reporter-output>
          </reporter-output>
        </test-method> <!-- tearDown -->
        <test-method status="PASS" signature="endListners()[pri:0, instance:com.Base.BaseTest@4b952a2d]" name="endListners" is-config="true" duration-ms="558" started-at="2019-12-28T11:14:07Z" finished-at="2019-12-28T11:14:08Z">
          <reporter-output>
          </reporter-output>
        </test-method> <!-- endListners -->
        <test-method status="PASS" signature="aftersuite()[pri:0, instance:com.Base.BaseTest@4b952a2d]" name="aftersuite" is-config="true" duration-ms="668" started-at="2019-12-28T11:14:08Z" finished-at="2019-12-28T11:14:08Z">
          <reporter-output>
          </reporter-output>
        </test-method> <!-- aftersuite -->
      </class> <!-- com.Base.BaseTest -->
    </test> <!-- Insurence QA -->
  </suite> <!-- Insurence QA Automation -->
</testng-results>
